2019-08-02 21:34:56,588 - Log4JLogChute initialized using file 'D:\WORKSPACE\ShoppingCart_Demo_2019_08_04\.metadata\.plugins\org.jboss.tools.jst.web.ui\velocity.log'
2019-08-02 21:34:56,588 - Starting Apache Velocity v1.5 (compiled: 2007-02-22 08:52:29)
2019-08-02 21:34:56,588 - Default Properties File: org\apache\velocity\runtime\defaults\velocity.properties
2019-08-02 21:34:56,588 - Trying to use logger class org.apache.velocity.runtime.log.AvalonLogChute
2019-08-02 21:34:56,588 - Couldn't find class org.apache.velocity.runtime.log.AvalonLogChute or necessary supporting classes in classpath.
java.lang.NoClassDefFoundError: org/apache/log/format/Formatter
	at java.lang.Class.forName0(Native Method)
	at java.lang.Class.forName(Class.java:348)
	at org.apache.velocity.util.ClassUtils.getClass(ClassUtils.java:63)
	at org.apache.velocity.util.ClassUtils.getNewInstance(ClassUtils.java:95)
	at org.apache.velocity.runtime.log.LogManager.createLogChute(LogManager.java:147)
	at org.apache.velocity.runtime.log.LogManager.updateLog(LogManager.java:208)
	at org.apache.velocity.runtime.RuntimeInstance.initializeLog(RuntimeInstance.java:728)
	at org.apache.velocity.runtime.RuntimeInstance.init(RuntimeInstance.java:240)
	at org.apache.velocity.runtime.RuntimeInstance.init(RuntimeInstance.java:534)
	at org.apache.velocity.runtime.RuntimeSingleton.init(RuntimeSingleton.java:227)
	at org.apache.velocity.app.Velocity.init(Velocity.java:111)
	at org.jboss.tools.jst.web.ui.operation.TemplatePreprocessor.process(TemplatePreprocessor.java:79)
	at org.jboss.tools.jst.web.ui.operation.TemplatePreprocessor.execute(TemplatePreprocessor.java:58)
	at org.jboss.tools.jst.web.ui.operation.WebNatureOperation.preprocessTemplate(WebNatureOperation.java:628)
	at org.jboss.tools.jsf.ui.operation.JSFProjectCreationOperation.copyTemplate(JSFProjectCreationOperation.java:134)
	at org.jboss.tools.jst.web.ui.operation.WebProjectCreationOperation.preCreateWebNature(WebProjectCreationOperation.java:76)
	at org.jboss.tools.jst.web.ui.operation.WebNatureOperation.run(WebNatureOperation.java:223)
	at org.eclipse.ui.actions.WorkspaceModifyDelegatingOperation.execute(WorkspaceModifyDelegatingOperation.java:71)
	at org.eclipse.ui.actions.WorkspaceModifyOperation.lambda$0(WorkspaceModifyOperation.java:110)
	at org.eclipse.ui.actions.WorkspaceModifyOperation$$Lambda$921/1955704565.run(Unknown Source)
	at org.eclipse.core.internal.resources.Workspace.run(Workspace.java:2295)
	at org.eclipse.core.internal.resources.Workspace.run(Workspace.java:2322)
	at org.eclipse.ui.actions.WorkspaceModifyOperation.run(WorkspaceModifyOperation.java:131)
	at org.eclipse.jface.operation.ModalContext$ModalContextThread.run(ModalContext.java:122)
Caused by: java.lang.ClassNotFoundException: org.apache.log.format.Formatter cannot be found by org.apache.velocity_1.5.0.v200905192330
	at org.eclipse.osgi.internal.loader.BundleLoader.findClassInternal(BundleLoader.java:511)
	at org.eclipse.osgi.internal.loader.BundleLoader.findClass(BundleLoader.java:422)
	at org.eclipse.osgi.internal.loader.BundleLoader.findClass(BundleLoader.java:414)
	at org.eclipse.osgi.internal.loader.ModuleClassLoader.loadClass(ModuleClassLoader.java:153)
	at java.lang.ClassLoader.loadClass(ClassLoader.java:357)
	... 24 more
2019-08-02 21:34:56,589 - Trying to use logger class org.apache.velocity.runtime.log.Log4JLogChute
2019-08-02 21:34:56,589 - Using logger class org.apache.velocity.runtime.log.Log4JLogChute
2019-08-02 21:34:56,592 - Default ResourceManager initializing. (class org.apache.velocity.runtime.resource.ResourceManagerImpl)
2019-08-02 21:34:56,597 - ResourceLoader instantiated: org.apache.velocity.runtime.resource.loader.FileResourceLoader
2019-08-02 21:34:56,598 - Do unicode file recognition:  false
2019-08-02 21:34:56,598 - FileResourceLoader : adding path 'D:\WORKSPACE\ShoppingCart_Demo_2019_08_04\.metadata\.plugins\org.jboss.tools.common.projecttemplates\templates\jsf-2.2\JSFBlankWithoutLibs'
2019-08-02 21:34:56,665 - ResourceCache: initialized (class org.apache.velocity.runtime.resource.ResourceCacheImpl)
2019-08-02 21:34:56,666 - Loaded System Directive: org.apache.velocity.runtime.directive.Literal
2019-08-02 21:34:56,668 - Loaded System Directive: org.apache.velocity.runtime.directive.Macro
2019-08-02 21:34:56,670 - Loaded System Directive: org.apache.velocity.runtime.directive.Parse
2019-08-02 21:34:56,671 - Loaded System Directive: org.apache.velocity.runtime.directive.Include
2019-08-02 21:34:56,672 - Loaded System Directive: org.apache.velocity.runtime.directive.Foreach
2019-08-02 21:34:56,700 - Created '20' parsers.
2019-08-02 21:34:56,708 - Velocimacro : "velocimacro.library" is not set.  Trying default library: VM_global_library.vm
2019-08-02 21:34:56,708 - Velocimacro : Default library not found.
2019-08-02 21:34:56,709 - Velocimacro : allowInline = true : VMs can be defined inline in templates
2019-08-02 21:34:56,709 - Velocimacro : allowInlineToOverride = false : VMs defined inline may NOT replace previous VM definitions
2019-08-02 21:34:56,709 - Velocimacro : allowInlineLocal = false : VMs defined inline will be global in scope if allowed.
2019-08-02 21:34:56,709 - Velocimacro : autoload off : VM system will not automatically reload global library macros
2019-08-02 21:34:56,729 - Null reference [template '', line 29, column 17] : ${project.name} cannot be resolved.
2019-08-02 21:37:29,027 - Null reference [template '', line 29, column 17] : ${project.name} cannot be resolved.
